<?xml version="1.0" encoding="UTF-8"?>
<!-- Generated by org.testng.reporters.JUnitReportReporter -->
<testsuite skipped="0" hostname="DESKTOP-ONGOORI" name="testng.paralleldemo.ParallelDemo2" tests="1" failures="0" timestamp="09 Dec 2018 07:24:57 GMT" time="7.294" errors="0">
  <testcase name="test2" time="7.294" classname="testng.paralleldemo.ParallelDemo2"/>
</testsuite> <!-- testng.paralleldemo.ParallelDemo2 -->
