<?xml version="1.0" encoding="UTF-8"?>
<!-- Generated by org.testng.reporters.JUnitReportReporter -->
<testsuite skipped="0" hostname="DESKTOP-ONGOORI" name="testng.paralleldemo.ParallelDemo" tests="1" failures="0" timestamp="09 Dec 2018 07:24:57 GMT" time="8.968" errors="0">
  <testcase name="test1" time="8.968" classname="testng.paralleldemo.ParallelDemo"/>
</testsuite> <!-- testng.paralleldemo.ParallelDemo -->
